# JRE version: OpenJDK Runtime Environment Temurin-21.0.12.1+1 (21.0.12.1+1) (build 21.0.12.1+1-LTS)
# Java VM: OpenJDK 64-Bit Server VM Temurin-21.0.12.1+1 (21.0.12.1+1-LTS, mixed mode, sharing, tiered, compressed oops, compressed class ptrs, parallel gc, windows-amd64)
GC Precious Log:
 CardTable entry size: 512
 CPUs: 8 total, 8 available
 Memory: 7914M
 Large Page Support: Disabled
 NUMA Support: Disabled
 Compressed Oops: Enabled (32-bit)
 Alignments: Space 512K, Generation 512K, Heap 2M
 Heap Min Capacity: 100M
 Heap Initial Capacity: 100M
 Heap Max Capacity: 2G
 Pre-touch: Disabled
 Parallel Workers: 8
Heap:
 PSYoungGen      total 9728K, used 5945K [0x00000000d5580000, 0x00000000d6300000, 0x0000000100000000)
  eden space 5632K, 41% used [0x00000000d5580000,0x00000000d57cc9d0,0x00000000d5b00000)
  from space 4096K, 87% used [0x00000000d5b00000,0x00000000d5e81bf8,0x00000000d5f00000)
  to   space 4096K, 0% used [0x00000000d5f00000,0x00000000d5f00000,0x00000000d6300000)
 ParOldGen       total 1293824K, used 1293685K [0x0000000080000000, 0x00000000cef80000, 0x00000000d5580000)
  object space 1293824K, 99% used [0x0000000080000000,0x00000000cef5d7a0,0x00000000cef80000)
 Metaspace       used 103863K, committed 105920K, reserved 1179648K
  class space    used 10526K, committed 11520K, reserved 1048576K
GC Heap History (20 events):
Event: 9044.331 GC heap before
{Heap before GC invocations=8098 (full 10):
 PSYoungGen      total 11776K, used 11775K [0x00000000d5580000, 0x00000000d7480000, 0x0000000100000000)
  eden space 8192K, 99% used [0x00000000d5580000,0x00000000d5d7ffd0,0x00000000d5d80000)
  from space 3584K, 100% used [0x00000000d5d80000,0x00000000d6100000,0x00000000d6100000)
  to   space 11776K, 0% used [0x00000000d6900000,0x00000000d6900000,0x00000000d7480000)
 ParOldGen       total 1256960K, used 1256737K [0x0000000080000000, 0x00000000ccb80000, 0x00000000d5580000)
  object space 1256960K, 99% used [0x0000000080000000,0x00000000ccb487f8,0x00000000ccb80000)
 Metaspace       used 103853K, committed 105920K, reserved 1179648K
  class space    used 10526K, committed 11520K, reserved 1048576K
}
Event: 9044.342 GC heap after
{Heap after GC invocations=8098 (full 10):
 PSYoungGen      total 15360K, used 7160K [0x00000000d5580000, 0x00000000d7000000, 0x0000000100000000)
  eden space 8192K, 0% used [0x00000000d5580000,0x00000000d5580000,0x00000000d5d80000)
  from space 7168K, 99% used [0x00000000d6900000,0x00000000d6ffe000,0x00000000d7000000)
  to   space 8704K, 0% used [0x00000000d5f00000,0x00000000d5f00000,0x00000000d6780000)
 ParOldGen       total 1260544K, used 1260377K [0x0000000080000000, 0x00000000ccf00000, 0x00000000d5580000)
  object space 1260544K, 99% used [0x0000000080000000,0x00000000cced67f8,0x00000000ccf00000)
 Metaspace       used 103853K, committed 105920K, reserved 1179648K
  class space    used 10526K, committed 11520K, reserved 1048576K
}
Event: 9044.364 GC heap before
{Heap before GC invocations=8099 (full 10):
 PSYoungGen      total 15360K, used 15352K [0x00000000d5580000, 0x00000000d7000000, 0x0000000100000000)
  eden space 8192K, 100% used [0x00000000d5580000,0x00000000d5d80000,0x00000000d5d80000)
  from space 7168K, 99% used [0x00000000d6900000,0x00000000d6ffe000,0x00000000d7000000)
  to   space 8704K, 0% used [0x00000000d5f00000,0x00000000d5f00000,0x00000000d6780000)
 ParOldGen       total 1260544K, used 1260377K [0x0000000080000000, 0x00000000ccf00000, 0x00000000d5580000)
  object space 1260544K, 99% used [0x0000000080000000,0x00000000cced67f8,0x00000000ccf00000)
 Metaspace       used 103853K, committed 105920K, reserved 1179648K
  class space    used 10526K, committed 11520K, reserved 1048576K
}
Event: 9044.374 GC heap after
{Heap after GC invocations=8099 (full 10):
 PSYoungGen      total 15872K, used 7168K [0x00000000d5580000, 0x00000000d6c80000, 0x0000000100000000)
  eden space 8192K, 0% used [0x00000000d5580000,0x00000000d5580000,0x00000000d5d80000)
  from space 7680K, 93% used [0x00000000d5f00000,0x00000000d6600170,0x00000000d6680000)
  to   space 6144K, 0% used [0x00000000d6680000,0x00000000d6680000,0x00000000d6c80000)
 ParOldGen       total 1267200K, used 1266817K [0x0000000080000000, 0x00000000cd580000, 0x00000000d5580000)
  object space 1267200K, 99% used [0x0000000080000000,0x00000000cd5207f8,0x00000000cd580000)
 Metaspace       used 103853K, committed 105920K, reserved 1179648K
  class space    used 10526K, committed 11520K, reserved 1048576K
}
Event: 9044.389 GC heap before
{Heap before GC invocations=8100 (full 10):
 PSYoungGen      total 15872K, used 15360K [0x00000000d5580000, 0x00000000d6c80000, 0x0000000100000000)
  eden space 8192K, 100% used [0x00000000d5580000,0x00000000d5d80000,0x00000000d5d80000)
  from space 7680K, 93% used [0x00000000d5f00000,0x00000000d6600170,0x00000000d6680000)
  to   space 6144K, 0% used [0x00000000d6680000,0x00000000d6680000,0x00000000d6c80000)
 ParOldGen       total 1267200K, used 1266817K [0x0000000080000000, 0x00000000cd580000, 0x00000000d5580000)
  object space 1267200K, 99% used [0x0000000080000000,0x00000000cd5207f8,0x00000000cd580000)
 Metaspace       used 103853K, committed 105920K, reserved 1179648K
  class space    used 10526K, committed 11520K, reserved 1048576K
}
Event: 9044.399 GC heap after
{Heap after GC invocations=8100 (full 10):
 PSYoungGen      total 13824K, used 5216K [0x00000000d5580000, 0x00000000d6c00000, 0x0000000100000000)
  eden space 8192K, 0% used [0x00000000d5580000,0x00000000d5580000,0x00000000d5d80000)
  from space 5632K, 92% used [0x00000000d6680000,0x00000000d6b98000,0x00000000d6c00000)
  to   space 6144K, 0% used [0x00000000d6000000,0x00000000d6000000,0x00000000d6600000)
 ParOldGen       total 1273856K, used 1273848K [0x0000000080000000, 0x00000000cdc00000, 0x00000000d5580000)
  object space 1273856K, 99% used [0x0000000080000000,0x00000000cdbfe2a8,0x00000000cdc00000)
 Metaspace       used 103853K, committed 105920K, reserved 1179648K
  class space    used 10526K, committed 11520K, reserved 1048576K
}
Event: 9044.498 GC heap before
{Heap before GC invocations=8101 (full 10):
 PSYoungGen      total 13824K, used 13396K [0x00000000d5580000, 0x00000000d6c00000, 0x0000000100000000)
  eden space 8192K, 99% used [0x00000000d5580000,0x00000000d5d7d2e0,0x00000000d5d80000)
  from space 5632K, 92% used [0x00000000d6680000,0x00000000d6b98000,0x00000000d6c00000)
  to   space 6144K, 0% used [0x00000000d6000000,0x00000000d6000000,0x00000000d6600000)
 ParOldGen       total 1273856K, used 1273848K [0x0000000080000000, 0x00000000cdc00000, 0x00000000d5580000)
  object space 1273856K, 99% used [0x0000000080000000,0x00000000cdbfe2a8,0x00000000cdc00000)
 Metaspace       used 103862K, committed 105920K, reserved 1179648K
  class space    used 10526K, committed 11520K, reserved 1048576K
}
Event: 9044.510 GC heap after
{Heap after GC invocations=8101 (full 10):
 PSYoungGen      total 12288K, used 3586K [0x00000000d5580000, 0x00000000d6700000, 0x0000000100000000)
  eden space 8192K, 0% used [0x00000000d5580000,0x00000000d5580000,0x00000000d5d80000)
  from space 4096K, 87% used [0x00000000d6000000,0x00000000d6380b40,0x00000000d6400000)
  to   space 3072K, 0% used [0x00000000d6400000,0x00000000d6400000,0x00000000d6700000)
 ParOldGen       total 1279488K, used 1279040K [0x0000000080000000, 0x00000000ce180000, 0x00000000d5580000)
  object space 1279488K, 99% used [0x0000000080000000,0x00000000ce1102a8,0x00000000ce180000)
 Metaspace       used 103862K, committed 105920K, reserved 1179648K
  class space    used 10526K, committed 11520K, reserved 1048576K
}
Event: 9044.570 GC heap before
{Heap before GC invocations=8102 (full 10):
 PSYoungGen      total 12288K, used 11638K [0x00000000d5580000, 0x00000000d6700000, 0x0000000100000000)
  eden space 8192K, 98% used [0x00000000d5580000,0x00000000d5d5cd60,0x00000000d5d80000)
  from space 4096K, 87% used [0x00000000d6000000,0x00000000d6380b40,0x00000000d6400000)
  to   space 3072K, 0% used [0x00000000d6400000,0x00000000d6400000,0x00000000d6700000)
 ParOldGen       total 1279488K, used 1279040K [0x0000000080000000, 0x00000000ce180000, 0x00000000d5580000)
  object space 1279488K, 99% used [0x0000000080000000,0x00000000ce1102a8,0x00000000ce180000)
 Metaspace       used 103862K, committed 105920K, reserved 1179648K
  class space    used 10526K, committed 11520K, reserved 1048576K
}
Event: 9044.579 GC heap after
{Heap after GC invocations=8102 (full 10):
 PSYoungGen      total 7680K, used 3042K [0x00000000d5580000, 0x00000000d7180000, 0x0000000100000000)
  eden space 4608K, 0% used [0x00000000d5580000,0x00000000d5580000,0x00000000d5a00000)
  from space 3072K, 99% used [0x00000000d6400000,0x00000000d66f89d0,0x00000000d6700000)
  to   space 10240K, 0% used [0x00000000d5a00000,0x00000000d5a00000,0x00000000d6400000)
 ParOldGen       total 1285632K, used 1285124K [0x0000000080000000, 0x00000000ce780000, 0x00000000d5580000)
  object space 1285632K, 99% used [0x0000000080000000,0x00000000ce7010d0,0x00000000ce780000)
 Metaspace       used 103862K, committed 105920K, reserved 1179648K
  class space    used 10526K, committed 11520K, reserved 1048576K
}
Event: 9044.593 GC heap before
{Heap before GC invocations=8103 (full 10):
 PSYoungGen      total 7680K, used 7650K [0x00000000d5580000, 0x00000000d7180000, 0x0000000100000000)
  eden space 4608K, 100% used [0x00000000d5580000,0x00000000d5a00000,0x00000000d5a00000)
  from space 3072K, 99% used [0x00000000d6400000,0x00000000d66f89d0,0x00000000d6700000)
  to   space 10240K, 0% used [0x00000000d5a00000,0x00000000d5a00000,0x00000000d6400000)
 ParOldGen       total 1285632K, used 1285124K [0x0000000080000000, 0x00000000ce780000, 0x00000000d5580000)
  object space 1285632K, 99% used [0x0000000080000000,0x00000000ce7010d0,0x00000000ce780000)
 Metaspace       used 103863K, committed 105920K, reserved 1179648K
  class space    used 10526K, committed 11520K, reserved 1048576K
}
Event: 9044.597 GC heap after
{Heap after GC invocations=8103 (full 10):
 PSYoungGen      total 6656K, used 1671K [0x00000000d5580000, 0x00000000d6480000, 0x0000000100000000)
  eden space 4608K, 0% used [0x00000000d5580000,0x00000000d5580000,0x00000000d5a00000)
  from space 2048K, 81% used [0x00000000d5a00000,0x00000000d5ba1f38,0x00000000d5c00000)
  to   space 4608K, 0% used [0x00000000d6000000,0x00000000d6000000,0x00000000d6480000)
 ParOldGen       total 1288192K, used 1288136K [0x0000000080000000, 0x00000000cea00000, 0x00000000d5580000)
  object space 1288192K, 99% used [0x0000000080000000,0x00000000ce9f2088,0x00000000cea00000)
 Metaspace       used 103863K, committed 105920K, reserved 1179648K
  class space    used 10526K, committed 11520K, reserved 1048576K
}
Event: 9044.605 GC heap before
{Heap before GC invocations=8104 (full 10):
 PSYoungGen      total 6656K, used 6279K [0x00000000d5580000, 0x00000000d6480000, 0x0000000100000000)
  eden space 4608K, 100% used [0x00000000d5580000,0x00000000d5a00000,0x00000000d5a00000)
  from space 2048K, 81% used [0x00000000d5a00000,0x00000000d5ba1f38,0x00000000d5c00000)
  to   space 4608K, 0% used [0x00000000d6000000,0x00000000d6000000,0x00000000d6480000)
 ParOldGen       total 1288192K, used 1288136K [0x0000000080000000, 0x00000000cea00000, 0x00000000d5580000)
  object space 1288192K, 99% used [0x0000000080000000,0x00000000ce9f2088,0x00000000cea00000)
 Metaspace       used 103863K, committed 105920K, reserved 1179648K
  class space    used 10526K, committed 11520K, reserved 1048576K
}
Event: 9044.611 GC heap after
{Heap after GC invocations=8104 (full 10):
 PSYoungGen      total 6656K, used 896K [0x00000000d5580000, 0x00000000d6100000, 0x0000000100000000)
  eden space 5632K, 0% used [0x00000000d5580000,0x00000000d5580000,0x00000000d5b00000)
  from space 1024K, 87% used [0x00000000d6000000,0x00000000d60e0000,0x00000000d6100000)
  to   space 2048K, 0% used [0x00000000d5d00000,0x00000000d5d00000,0x00000000d5f00000)
 ParOldGen       total 1289728K, used 1289711K [0x0000000080000000, 0x00000000ceb80000, 0x00000000d5580000)
  object space 1289728K, 99% used [0x0000000080000000,0x00000000ceb7bda8,0x00000000ceb80000)
 Metaspace       used 103863K, committed 105920K, reserved 1179648K
  class space    used 10526K, committed 11520K, reserved 1048576K
}
Event: 9045.361 GC heap before
{Heap before GC invocations=8105 (full 10):
 PSYoungGen      total 6656K, used 6528K [0x00000000d5580000, 0x00000000d6100000, 0x0000000100000000)
  eden space 5632K, 100% used [0x00000000d5580000,0x00000000d5b00000,0x00000000d5b00000)
  from space 1024K, 87% used [0x00000000d6000000,0x00000000d60e0000,0x00000000d6100000)
  to   space 2048K, 0% used [0x00000000d5d00000,0x00000000d5d00000,0x00000000d5f00000)
 ParOldGen       total 1289728K, used 1289711K [0x0000000080000000, 0x00000000ceb80000, 0x00000000d5580000)
  object space 1289728K, 99% used [0x0000000080000000,0x00000000ceb7bda8,0x00000000ceb80000)
 Metaspace       used 103863K, committed 105920K, reserved 1179648K
  class space    used 10526K, committed 11520K, reserved 1048576K
}
Event: 9045.368 GC heap after
{Heap after GC invocations=8105 (full 10):
 PSYoungGen      total 7680K, used 192K [0x00000000d5580000, 0x00000000d6080000, 0x0000000100000000)
  eden space 5632K, 0% used [0x00000000d5580000,0x00000000d5580000,0x00000000d5b00000)
  from space 2048K, 9% used [0x00000000d5d00000,0x00000000d5d30000,0x00000000d5f00000)
  to   space 1024K, 0% used [0x00000000d5f80000,0x00000000d5f80000,0x00000000d6080000)
 ParOldGen       total 1290752K, used 1290495K [0x0000000080000000, 0x00000000cec80000, 0x00000000d5580000)
  object space 1290752K, 99% used [0x0000000080000000,0x00000000cec3fda8,0x00000000cec80000)
 Metaspace       used 103863K, committed 105920K, reserved 1179648K
  class space    used 10526K, committed 11520K, reserved 1048576K
}
Event: 9048.157 GC heap before
{Heap before GC invocations=8106 (full 10):
 PSYoungGen      total 7680K, used 5823K [0x00000000d5580000, 0x00000000d6080000, 0x0000000100000000)
  eden space 5632K, 99% used [0x00000000d5580000,0x00000000d5affff8,0x00000000d5b00000)
  from space 2048K, 9% used [0x00000000d5d00000,0x00000000d5d30000,0x00000000d5f00000)
  to   space 1024K, 0% used [0x00000000d5f80000,0x00000000d5f80000,0x00000000d6080000)
 ParOldGen       total 1290752K, used 1290495K [0x0000000080000000, 0x00000000cec80000, 0x00000000d5580000)
  object space 1290752K, 99% used [0x0000000080000000,0x00000000cec3fda8,0x00000000cec80000)
 Metaspace       used 103863K, committed 105920K, reserved 1179648K
  class space    used 10526K, committed 11520K, reserved 1048576K
}
Event: 9048.166 GC heap after
{Heap after GC invocations=8106 (full 10):
 PSYoungGen      total 6656K, used 1017K [0x00000000d5580000, 0x00000000d6300000, 0x0000000100000000)
  eden space 5632K, 0% used [0x00000000d5580000,0x00000000d5580000,0x00000000d5b00000)
  from space 1024K, 99% used [0x00000000d5f80000,0x00000000d607e768,0x00000000d6080000)
  to   space 4096K, 0% used [0x00000000d5b00000,0x00000000d5b00000,0x00000000d5f00000)
 ParOldGen       total 1292800K, used 1292622K [0x0000000080000000, 0x00000000cee80000, 0x00000000d5580000)
  object space 1292800K, 99% used [0x0000000080000000,0x00000000cee53a28,0x00000000cee80000)
 Metaspace       used 103863K, committed 105920K, reserved 1179648K
  class space    used 10526K, committed 11520K, reserved 1048576K
}
Event: 9048.183 GC heap before
{Heap before GC invocations=8107 (full 10):
 PSYoungGen      total 6656K, used 6628K [0x00000000d5580000, 0x00000000d6300000, 0x0000000100000000)
  eden space 5632K, 99% used [0x00000000d5580000,0x00000000d5afaa28,0x00000000d5b00000)
  from space 1024K, 99% used [0x00000000d5f80000,0x00000000d607e768,0x00000000d6080000)
  to   space 4096K, 0% used [0x00000000d5b00000,0x00000000d5b00000,0x00000000d5f00000)
 ParOldGen       total 1292800K, used 1292622K [0x0000000080000000, 0x00000000cee80000, 0x00000000d5580000)
  object space 1292800K, 99% used [0x0000000080000000,0x00000000cee53a28,0x00000000cee80000)
 Metaspace       used 103863K, committed 105920K, reserved 1179648K
  class space    used 10526K, committed 11520K, reserved 1048576K
}
Event: 9048.191 GC heap after
{Heap after GC invocations=8107 (full 10):
 PSYoungGen      total 9728K, used 3590K [0x00000000d5580000, 0x00000000d6300000, 0x0000000100000000)
  eden space 5632K, 0% used [0x00000000d5580000,0x00000000d5580000,0x00000000d5b00000)
  from space 4096K, 87% used [0x00000000d5b00000,0x00000000d5e81bf8,0x00000000d5f00000)
  to   space 4096K, 0% used [0x00000000d5f00000,0x00000000d5f00000,0x00000000d6300000)
 ParOldGen       total 1293824K, used 1293685K [0x0000000080000000, 0x00000000cef80000, 0x00000000d5580000)
  object space 1293824K, 99% used [0x0000000080000000,0x00000000cef5d7a0,0x00000000cef80000)
 Metaspace       used 103863K, committed 105920K, reserved 1179648K
  class space    used 10526K, committed 11520K, reserved 1048576K
}

